<?xml version="1.0" encoding="UTF-8"?>
<!-- Generated by org.testng.reporters.JUnitXMLReporter -->
<testsuite hostname="LAPTOP-31B2K48K" ignored="0" name="Test" tests="6" failures="0" timestamp="21 Dec 2019 08:05:48 GMT" time="108.087" errors="0">
  <testcase name="validLogin" time="7.616" classname="com.hubspot.app.qa.testcases.LoginPageTest"/>
  <testcase name="invalidLoginCheck" time="7.496" classname="com.hubspot.app.qa.testcases.LoginPageTest"/>
  <testcase name="invalidLoginCheck" time="7.223" classname="com.hubspot.app.qa.testcases.LoginPageTest"/>
  <testcase name="invalidLoginCheck" time="7.304" classname="com.hubspot.app.qa.testcases.LoginPageTest"/>
  <testcase name="invalidLoginCheck" time="8.564" classname="com.hubspot.app.qa.testcases.LoginPageTest"/>
  <testcase name="invalidLoginCheck" time="7.342" classname="com.hubspot.app.qa.testcases.LoginPageTest"/>
</testsuite> <!-- Test -->
