<?xml version="1.0" encoding="UTF-8"?>
<testng-results skipped="0" failed="0" ignored="0" total="6" passed="6">
  <reporter-output>
  </reporter-output>
  <suite name="Suite" duration-ms="108087" started-at="2019-12-21T08:04:00Z" finished-at="2019-12-21T08:05:48Z">
    <groups>
    </groups>
    <test name="Test" duration-ms="108087" started-at="2019-12-21T08:04:00Z" finished-at="2019-12-21T08:05:48Z">
      <class name="com.hubspot.app.qa.testcases.LoginPageTest">
        <test-method status="PASS" signature="setUp()[pri:0, instance:com.hubspot.app.qa.testcases.LoginPageTest@5442a311]" name="setUp" is-config="true" duration-ms="11795" started-at="2019-12-21T08:03:48Z" finished-at="2019-12-21T08:04:00Z">
          <reporter-output>
          </reporter-output>
        </test-method> <!-- setUp -->
        <test-method status="PASS" signature="browserSetup()[pri:0, instance:com.hubspot.app.qa.testcases.LoginPageTest@5442a311]" name="browserSetup" is-config="true" duration-ms="9665" started-at="2019-12-21T08:04:00Z" finished-at="2019-12-21T08:04:10Z">
          <reporter-output>
          </reporter-output>
        </test-method> <!-- browserSetup -->
        <test-method status="PASS" signature="validLogin()[pri:1, instance:com.hubspot.app.qa.testcases.LoginPageTest@5442a311]" name="validLogin" duration-ms="7616" started-at="2019-12-21T08:04:10Z" finished-at="2019-12-21T08:04:17Z">
          <reporter-output>
          </reporter-output>
        </test-method> <!-- validLogin -->
        <test-method status="PASS" signature="tearDown(org.testng.ITestResult)[pri:0, instance:com.hubspot.app.qa.testcases.LoginPageTest@5442a311]" name="tearDown" is-config="true" duration-ms="717" started-at="2019-12-21T08:04:17Z" finished-at="2019-12-21T08:04:18Z">
          <params>
            <param index="0">
              <value>
                <![CDATA[[TestResult name=validLogin status=SUCCESS method=LoginPageTest.validLogin()[pri:1, instance:com.hubspot.app.qa.testcases.LoginPageTest@5442a311] output={null}]]]>
              </value>
            </param>
          </params>
          <reporter-output>
          </reporter-output>
        </test-method> <!-- tearDown -->
        <test-method status="PASS" signature="browserSetup()[pri:0, instance:com.hubspot.app.qa.testcases.LoginPageTest@5442a311]" name="browserSetup" is-config="true" duration-ms="9735" started-at="2019-12-21T08:04:19Z" finished-at="2019-12-21T08:04:28Z">
          <reporter-output>
          </reporter-output>
        </test-method> <!-- browserSetup -->
        <test-method status="PASS" signature="invalidLoginCheck(java.lang.String, java.lang.String)[pri:2, instance:com.hubspot.app.qa.testcases.LoginPageTest@5442a311]" name="invalidLoginCheck" duration-ms="7496" started-at="2019-12-21T08:04:28Z" data-provider="loginData" finished-at="2019-12-21T08:04:36Z">
          <params>
            <param index="0">
              <value>
                <![CDATA[Testuser1]]>
              </value>
            </param>
            <param index="1">
              <value>
                <![CDATA[test@123]]>
              </value>
            </param>
          </params>
          <reporter-output>
          </reporter-output>
        </test-method> <!-- invalidLoginCheck -->
        <test-method status="PASS" signature="tearDown(org.testng.ITestResult)[pri:0, instance:com.hubspot.app.qa.testcases.LoginPageTest@5442a311]" name="tearDown" is-config="true" duration-ms="680" started-at="2019-12-21T08:04:36Z" finished-at="2019-12-21T08:04:36Z">
          <params>
            <param index="0">
              <value>
                <![CDATA[[TestResult name=invalidLoginCheck status=SUCCESS method=LoginPageTest.invalidLoginCheck(java.lang.String, java.lang.String)[pri:2, instance:com.hubspot.app.qa.testcases.LoginPageTest@5442a311] output={null}]]]>
              </value>
            </param>
          </params>
          <reporter-output>
          </reporter-output>
        </test-method> <!-- tearDown -->
        <test-method status="PASS" signature="browserSetup()[pri:0, instance:com.hubspot.app.qa.testcases.LoginPageTest@5442a311]" name="browserSetup" is-config="true" duration-ms="9828" started-at="2019-12-21T08:04:36Z" finished-at="2019-12-21T08:04:46Z">
          <reporter-output>
          </reporter-output>
        </test-method> <!-- browserSetup -->
        <test-method status="PASS" signature="invalidLoginCheck(java.lang.String, java.lang.String)[pri:2, instance:com.hubspot.app.qa.testcases.LoginPageTest@5442a311]" name="invalidLoginCheck" duration-ms="7223" started-at="2019-12-21T08:04:46Z" data-provider="loginData" finished-at="2019-12-21T08:04:54Z">
          <params>
            <param index="0">
              <value>
                <![CDATA[Testuser2]]>
              </value>
            </param>
            <param index="1">
              <value>
                <![CDATA[test@124]]>
              </value>
            </param>
          </params>
          <reporter-output>
          </reporter-output>
        </test-method> <!-- invalidLoginCheck -->
        <test-method status="PASS" signature="tearDown(org.testng.ITestResult)[pri:0, instance:com.hubspot.app.qa.testcases.LoginPageTest@5442a311]" name="tearDown" is-config="true" duration-ms="699" started-at="2019-12-21T08:04:54Z" finished-at="2019-12-21T08:04:54Z">
          <params>
            <param index="0">
              <value>
                <![CDATA[[TestResult name=invalidLoginCheck status=SUCCESS method=LoginPageTest.invalidLoginCheck(java.lang.String, java.lang.String)[pri:2, instance:com.hubspot.app.qa.testcases.LoginPageTest@5442a311] output={null}]]]>
              </value>
            </param>
          </params>
          <reporter-output>
          </reporter-output>
        </test-method> <!-- tearDown -->
        <test-method status="PASS" signature="browserSetup()[pri:0, instance:com.hubspot.app.qa.testcases.LoginPageTest@5442a311]" name="browserSetup" is-config="true" duration-ms="9622" started-at="2019-12-21T08:04:54Z" finished-at="2019-12-21T08:05:04Z">
          <reporter-output>
          </reporter-output>
        </test-method> <!-- browserSetup -->
        <test-method status="PASS" signature="invalidLoginCheck(java.lang.String, java.lang.String)[pri:2, instance:com.hubspot.app.qa.testcases.LoginPageTest@5442a311]" name="invalidLoginCheck" duration-ms="7304" started-at="2019-12-21T08:05:04Z" data-provider="loginData" finished-at="2019-12-21T08:05:11Z">
          <params>
            <param index="0">
              <value>
                <![CDATA[Testuser3]]>
              </value>
            </param>
            <param index="1">
              <value>
                <![CDATA[test@125]]>
              </value>
            </param>
          </params>
          <reporter-output>
          </reporter-output>
        </test-method> <!-- invalidLoginCheck -->
        <test-method status="PASS" signature="tearDown(org.testng.ITestResult)[pri:0, instance:com.hubspot.app.qa.testcases.LoginPageTest@5442a311]" name="tearDown" is-config="true" duration-ms="714" started-at="2019-12-21T08:05:11Z" finished-at="2019-12-21T08:05:12Z">
          <params>
            <param index="0">
              <value>
                <![CDATA[[TestResult name=invalidLoginCheck status=SUCCESS method=LoginPageTest.invalidLoginCheck(java.lang.String, java.lang.String)[pri:2, instance:com.hubspot.app.qa.testcases.LoginPageTest@5442a311] output={null}]]]>
              </value>
            </param>
          </params>
          <reporter-output>
          </reporter-output>
        </test-method> <!-- tearDown -->
        <test-method status="PASS" signature="browserSetup()[pri:0, instance:com.hubspot.app.qa.testcases.LoginPageTest@5442a311]" name="browserSetup" is-config="true" duration-ms="9534" started-at="2019-12-21T08:05:12Z" finished-at="2019-12-21T08:05:21Z">
          <reporter-output>
          </reporter-output>
        </test-method> <!-- browserSetup -->
        <test-method status="PASS" signature="invalidLoginCheck(java.lang.String, java.lang.String)[pri:2, instance:com.hubspot.app.qa.testcases.LoginPageTest@5442a311]" name="invalidLoginCheck" duration-ms="8564" started-at="2019-12-21T08:05:21Z" data-provider="loginData" finished-at="2019-12-21T08:05:30Z">
          <params>
            <param index="0">
              <value>
                <![CDATA[Testuser4]]>
              </value>
            </param>
            <param index="1">
              <value>
                <![CDATA[test@126]]>
              </value>
            </param>
          </params>
          <reporter-output>
          </reporter-output>
        </test-method> <!-- invalidLoginCheck -->
        <test-method status="PASS" signature="tearDown(org.testng.ITestResult)[pri:0, instance:com.hubspot.app.qa.testcases.LoginPageTest@5442a311]" name="tearDown" is-config="true" duration-ms="683" started-at="2019-12-21T08:05:30Z" finished-at="2019-12-21T08:05:31Z">
          <params>
            <param index="0">
              <value>
                <![CDATA[[TestResult name=invalidLoginCheck status=SUCCESS method=LoginPageTest.invalidLoginCheck(java.lang.String, java.lang.String)[pri:2, instance:com.hubspot.app.qa.testcases.LoginPageTest@5442a311] output={null}]]]>
              </value>
            </param>
          </params>
          <reporter-output>
          </reporter-output>
        </test-method> <!-- tearDown -->
        <test-method status="PASS" signature="browserSetup()[pri:0, instance:com.hubspot.app.qa.testcases.LoginPageTest@5442a311]" name="browserSetup" is-config="true" duration-ms="9549" started-at="2019-12-21T08:05:31Z" finished-at="2019-12-21T08:05:40Z">
          <reporter-output>
          </reporter-output>
        </test-method> <!-- browserSetup -->
        <test-method status="PASS" signature="invalidLoginCheck(java.lang.String, java.lang.String)[pri:2, instance:com.hubspot.app.qa.testcases.LoginPageTest@5442a311]" name="invalidLoginCheck" duration-ms="7342" started-at="2019-12-21T08:05:40Z" data-provider="loginData" finished-at="2019-12-21T08:05:48Z">
          <params>
            <param index="0">
              <value>
                <![CDATA[Testuser5]]>
              </value>
            </param>
            <param index="1">
              <value>
                <![CDATA[test@127]]>
              </value>
            </param>
          </params>
          <reporter-output>
          </reporter-output>
        </test-method> <!-- invalidLoginCheck -->
        <test-method status="PASS" signature="tearDown(org.testng.ITestResult)[pri:0, instance:com.hubspot.app.qa.testcases.LoginPageTest@5442a311]" name="tearDown" is-config="true" duration-ms="686" started-at="2019-12-21T08:05:48Z" finished-at="2019-12-21T08:05:48Z">
          <params>
            <param index="0">
              <value>
                <![CDATA[[TestResult name=invalidLoginCheck status=SUCCESS method=LoginPageTest.invalidLoginCheck(java.lang.String, java.lang.String)[pri:2, instance:com.hubspot.app.qa.testcases.LoginPageTest@5442a311] output={null}]]]>
              </value>
            </param>
          </params>
          <reporter-output>
          </reporter-output>
        </test-method> <!-- tearDown -->
        <test-method status="PASS" signature="tearDown()[pri:0, instance:com.hubspot.app.qa.testcases.LoginPageTest@5442a311]" name="tearDown" is-config="true" duration-ms="346" started-at="2019-12-21T08:05:48Z" finished-at="2019-12-21T08:05:49Z">
          <reporter-output>
          </reporter-output>
        </test-method> <!-- tearDown -->
      </class> <!-- com.hubspot.app.qa.testcases.LoginPageTest -->
    </test> <!-- Test -->
  </suite> <!-- Suite -->
</testng-results>
